-------------------------------------------------------------------------------
Test set: ua.lviv.iot.gym.GymManagerTest
-------------------------------------------------------------------------------
Tests run: 1, Failures: 1, Errors: 0, Skipped: 0, Time elapsed: 0.028 s <<< FAILURE! - in ua.lviv.iot.gym.GymManagerTest
testFindExerciseByDurationInMinutes  Time elapsed: 0.023 s  <<< FAILURE!
org.opentest4j.AssertionFailedError: expected: <3> but was: <0>
	at ua.lviv.iot.gym.GymManagerTest.testFindExerciseByDurationInMinutes(GymManagerTest.java:22)

